[0.000000] (-) TimerEvent: {}
[0.000628] (simple_robot_controller) JobQueued: {'identifier': 'simple_robot_controller', 'dependencies': OrderedDict()}
[0.000727] (simple_robot_controller) JobStarted: {'identifier': 'simple_robot_controller'}
[0.098909] (-) TimerEvent: {}
[0.199401] (-) TimerEvent: {}
[0.299837] (-) TimerEvent: {}
[0.400264] (-) TimerEvent: {}
[0.500683] (-) TimerEvent: {}
[0.601590] (-) TimerEvent: {}
[0.702076] (-) TimerEvent: {}
[0.802451] (-) TimerEvent: {}
[0.902836] (-) TimerEvent: {}
[1.003199] (-) TimerEvent: {}
[1.103587] (-) TimerEvent: {}
[1.200168] (simple_robot_controller) Command: {'cmd': ['/usr/bin/python3', 'setup.py', 'egg_info', '--egg-base', 'build/simple_robot_controller', 'build', '--build-base', '/home/luke/tmp/simple_robot_controller/simple_robot_controller/build/simple_robot_controller/build', 'install', '--record', '/home/luke/tmp/simple_robot_controller/simple_robot_controller/build/simple_robot_controller/install.log', '--single-version-externally-managed'], 'cwd': '/home/luke/tmp/simple_robot_controller/simple_robot_controller', 'env': {'USER': 'luke', 'SHLVL': '1', 'LD_LIBRARY_PATH': '/opt/ros/humble/opt/rviz_ogre_vendor/lib:/opt/ros/humble/lib/x86_64-linux-gnu:/opt/ros/humble/lib', 'MOTD_SHOWN': 'update-motd', 'HOME': '/home/luke', 'OLDPWD': '/home/luke/tmp/simple_robot_controller', 'ROS_PYTHON_VERSION': '3', 'DBUS_SESSION_BUS_ADDRESS': 'unix:path=/run/user/1000/bus', 'WSL_DISTRO_NAME': 'Ubuntu', 'WAYLAND_DISPLAY': 'wayland-0', 'COLCON_PREFIX_PATH': '/home/luke/ros2_ws/install', 'ROS_DISTRO': 'humble', 'LOGNAME': 'luke', 'NAME': 'Luke-Laptop', 'WSL_INTEROP': '/run/WSL/729_interop', 'PULSE_SERVER': 'unix:/mnt/wslg/PulseServer', '_': '/usr/bin/colcon', 'ROS_VERSION': '2', 'TERM': 'xterm-256color', 'ROS_LOCALHOST_ONLY': '0', 'PATH': '/home/luke/.local/bin:/opt/ros/humble/bin:/usr/local/sbin:/usr/local/bin:/usr/sbin:/usr/bin:/sbin:/bin:/usr/games:/usr/local/games:/usr/lib/wsl/lib:/mnt/c/Program Files/WindowsApps/MicrosoftCorporationII.WindowsSubsystemForLinux_2.1.4.0_x64__8wekyb3d8bbwe:/mnt/c/Program Files/NVIDIA GPU Computing Toolkit/CUDA/v12.2/bin:/mnt/c/Program Files/NVIDIA GPU Computing Toolkit/CUDA/v12.2/libnvvp:/mnt/c/Windows/system32:/mnt/c/Windows:/mnt/c/Windows/System32/Wbem:/mnt/c/Windows/System32/WindowsPowerShell/v1.0/:/mnt/c/Windows/System32/OpenSSH/:/mnt/c/Program Files/dotnet/:/mnt/c/Program Files (x86)/NVIDIA Corporation/PhysX/Common:/mnt/c/Program Files/NVIDIA Corporation/NVIDIA NvDLISR:/mnt/c/WINDOWS/system32:/mnt/c/WINDOWS:/mnt/c/WINDOWS/System32/Wbem:/mnt/c/WINDOWS/System32/WindowsPowerShell/v1.0/:/mnt/c/WINDOWS/System32/OpenSSH/:/mnt/c/Program Files/Microsoft SQL Server/150/Tools/Binn/:/mnt/c/Program Files/Microsoft SQL Server/Client SDK/ODBC/170/Tools/Binn/:/mnt/c/Program Files/Docker/Docker/resources/bin:/mnt/c/Program Files/NVIDIA Corporation/Nsight Compute 2023.2.2/:/mnt/c/Program Files/Git/cmd:/mnt/c/Users/lmnew/.cargo/bin:/mnt/c/Users/lmnew/AppData/Local/Microsoft/WindowsApps:/mnt/c/Users/lmnew/AppData/Local/Programs/Microsoft VS Code/bin:/mnt/c/Espressif/tools/xtensa-esp32-elf-clang/esp-14.0.0-20220415-x86_64-pc-windows-msvc/bin/:/mnt/c/Users/lmnew/AppData/Local/Programs/jaguar:/mnt/c/Users/lmnew/.dotnet/tools:/snap/bin', 'XDG_RUNTIME_DIR': '/run/user/1000/', 'DISPLAY': ':0', 'LANG': 'en_US.UTF-8', 'AMENT_PREFIX_PATH': '/home/luke/ros2_ws/install/simple_robot_controller:/home/luke/ros2_ws/install/lkmcannode:/home/luke/ros2_ws/install/differential_drive_simulator:/opt/ros/humble', 'SHELL': '/bin/bash', 'PWD': '/home/luke/tmp/simple_robot_controller/simple_robot_controller/build/simple_robot_controller', 'XDG_DATA_DIRS': '/usr/local/share:/usr/share:/var/lib/snapd/desktop', 'PYTHONPATH': '/home/luke/tmp/simple_robot_controller/simple_robot_controller/build/simple_robot_controller/prefix_override:/home/luke/tmp/simple_robot_controller/simple_robot_controller/install/simple_robot_controller/lib/python3.10/site-packages:/home/luke/ros2_ws/install/simple_robot_controller/lib/python3.10/site-packages:/home/luke/ros2_ws/install/differential_drive_simulator/lib/python3.10/site-packages:/opt/ros/humble/lib/python3.10/site-packages:/opt/ros/humble/local/lib/python3.10/dist-packages', 'COLCON': '1', 'WSL2_GUI_APPS_ENABLED': '1', 'HOSTTYPE': 'x86_64', 'CMAKE_PREFIX_PATH': '/home/luke/ros2_ws/install/lkmcannode', 'WSLENV': ''}, 'shell': False}
[1.204053] (-) TimerEvent: {}
[1.304807] (-) TimerEvent: {}
[1.405161] (-) TimerEvent: {}
[1.505538] (-) TimerEvent: {}
[1.560512] (simple_robot_controller) StdoutLine: {'line': b'running egg_info\n'}
[1.562405] (simple_robot_controller) StdoutLine: {'line': b'creating build/simple_robot_controller/simple_robot_controller.egg-info\n'}
[1.563081] (simple_robot_controller) StdoutLine: {'line': b'writing build/simple_robot_controller/simple_robot_controller.egg-info/PKG-INFO\n'}
[1.563638] (simple_robot_controller) StdoutLine: {'line': b'writing dependency_links to build/simple_robot_controller/simple_robot_controller.egg-info/dependency_links.txt\n'}
[1.563993] (simple_robot_controller) StdoutLine: {'line': b'writing entry points to build/simple_robot_controller/simple_robot_controller.egg-info/entry_points.txt\n'}
[1.564219] (simple_robot_controller) StdoutLine: {'line': b'writing requirements to build/simple_robot_controller/simple_robot_controller.egg-info/requires.txt\n'}
[1.564492] (simple_robot_controller) StdoutLine: {'line': b'writing top-level names to build/simple_robot_controller/simple_robot_controller.egg-info/top_level.txt\n'}
[1.564885] (simple_robot_controller) StdoutLine: {'line': b"writing manifest file 'build/simple_robot_controller/simple_robot_controller.egg-info/SOURCES.txt'\n"}
[1.568420] (simple_robot_controller) StdoutLine: {'line': b"reading manifest file 'build/simple_robot_controller/simple_robot_controller.egg-info/SOURCES.txt'\n"}
[1.569423] (simple_robot_controller) StdoutLine: {'line': b"writing manifest file 'build/simple_robot_controller/simple_robot_controller.egg-info/SOURCES.txt'\n"}
[1.569957] (simple_robot_controller) StdoutLine: {'line': b'running build\n'}
[1.570218] (simple_robot_controller) StdoutLine: {'line': b'running build_py\n'}
[1.570509] (simple_robot_controller) StdoutLine: {'line': b'creating /home/luke/tmp/simple_robot_controller/simple_robot_controller/build/simple_robot_controller/build\n'}
[1.570724] (simple_robot_controller) StdoutLine: {'line': b'creating /home/luke/tmp/simple_robot_controller/simple_robot_controller/build/simple_robot_controller/build/lib\n'}
[1.570978] (simple_robot_controller) StdoutLine: {'line': b'creating /home/luke/tmp/simple_robot_controller/simple_robot_controller/build/simple_robot_controller/build/lib/simple_robot_controller\n'}
[1.571066] (simple_robot_controller) StdoutLine: {'line': b'copying simple_robot_controller/simple_robot_controller.py -> /home/luke/tmp/simple_robot_controller/simple_robot_controller/build/simple_robot_controller/build/lib/simple_robot_controller\n'}
[1.571260] (simple_robot_controller) StdoutLine: {'line': b'copying simple_robot_controller/__init__.py -> /home/luke/tmp/simple_robot_controller/simple_robot_controller/build/simple_robot_controller/build/lib/simple_robot_controller\n'}
[1.571762] (simple_robot_controller) StdoutLine: {'line': b'copying simple_robot_controller/pidtune.py -> /home/luke/tmp/simple_robot_controller/simple_robot_controller/build/simple_robot_controller/build/lib/simple_robot_controller\n'}
[1.572139] (simple_robot_controller) StdoutLine: {'line': b'running install\n'}
[1.572250] (simple_robot_controller) StderrLine: {'line': b'/usr/lib/python3/dist-packages/setuptools/command/install.py:34: SetuptoolsDeprecationWarning: setup.py install is deprecated. Use build and pip and other standards-based tools.\n'}
[1.572414] (simple_robot_controller) StderrLine: {'line': b'  warnings.warn(\n'}
[1.572820] (simple_robot_controller) StdoutLine: {'line': b'running install_lib\n'}
[1.573857] (simple_robot_controller) StdoutLine: {'line': b'creating /home/luke/tmp/simple_robot_controller/simple_robot_controller/install/simple_robot_controller/lib/python3.10/site-packages/simple_robot_controller\n'}
[1.574139] (simple_robot_controller) StdoutLine: {'line': b'copying /home/luke/tmp/simple_robot_controller/simple_robot_controller/build/simple_robot_controller/build/lib/simple_robot_controller/simple_robot_controller.py -> /home/luke/tmp/simple_robot_controller/simple_robot_controller/install/simple_robot_controller/lib/python3.10/site-packages/simple_robot_controller\n'}
[1.574526] (simple_robot_controller) StdoutLine: {'line': b'copying /home/luke/tmp/simple_robot_controller/simple_robot_controller/build/simple_robot_controller/build/lib/simple_robot_controller/__init__.py -> /home/luke/tmp/simple_robot_controller/simple_robot_controller/install/simple_robot_controller/lib/python3.10/site-packages/simple_robot_controller\n'}
[1.574658] (simple_robot_controller) StdoutLine: {'line': b'copying /home/luke/tmp/simple_robot_controller/simple_robot_controller/build/simple_robot_controller/build/lib/simple_robot_controller/pidtune.py -> /home/luke/tmp/simple_robot_controller/simple_robot_controller/install/simple_robot_controller/lib/python3.10/site-packages/simple_robot_controller\n'}
[1.575172] (simple_robot_controller) StdoutLine: {'line': b'byte-compiling /home/luke/tmp/simple_robot_controller/simple_robot_controller/install/simple_robot_controller/lib/python3.10/site-packages/simple_robot_controller/simple_robot_controller.py to simple_robot_controller.cpython-310.pyc\n'}
[1.577515] (simple_robot_controller) StdoutLine: {'line': b'byte-compiling /home/luke/tmp/simple_robot_controller/simple_robot_controller/install/simple_robot_controller/lib/python3.10/site-packages/simple_robot_controller/__init__.py to __init__.cpython-310.pyc\n'}
[1.578426] (simple_robot_controller) StdoutLine: {'line': b'byte-compiling /home/luke/tmp/simple_robot_controller/simple_robot_controller/install/simple_robot_controller/lib/python3.10/site-packages/simple_robot_controller/pidtune.py to pidtune.cpython-310.pyc\n'}
[1.579866] (simple_robot_controller) StdoutLine: {'line': b'running install_data\n'}
[1.580758] (simple_robot_controller) StdoutLine: {'line': b'creating /home/luke/tmp/simple_robot_controller/simple_robot_controller/install/simple_robot_controller/share/ament_index\n'}
[1.581384] (simple_robot_controller) StdoutLine: {'line': b'creating /home/luke/tmp/simple_robot_controller/simple_robot_controller/install/simple_robot_controller/share/ament_index/resource_index\n'}
[1.581966] (simple_robot_controller) StdoutLine: {'line': b'creating /home/luke/tmp/simple_robot_controller/simple_robot_controller/install/simple_robot_controller/share/ament_index/resource_index/packages\n'}
[1.582140] (simple_robot_controller) StdoutLine: {'line': b'copying resource/simple_robot_controller -> /home/luke/tmp/simple_robot_controller/simple_robot_controller/install/simple_robot_controller/share/ament_index/resource_index/packages\n'}
[1.582427] (simple_robot_controller) StdoutLine: {'line': b'copying package.xml -> /home/luke/tmp/simple_robot_controller/simple_robot_controller/install/simple_robot_controller/share/simple_robot_controller\n'}
[1.582568] (simple_robot_controller) StdoutLine: {'line': b'running install_egg_info\n'}
[1.584668] (simple_robot_controller) StdoutLine: {'line': b'Copying build/simple_robot_controller/simple_robot_controller.egg-info to /home/luke/tmp/simple_robot_controller/simple_robot_controller/install/simple_robot_controller/lib/python3.10/site-packages/simple_robot_controller-0.0.0-py3.10.egg-info\n'}
[1.586031] (simple_robot_controller) StdoutLine: {'line': b'running install_scripts\n'}
[1.605661] (-) TimerEvent: {}
[1.620904] (simple_robot_controller) StdoutLine: {'line': b'Installing pidtune script to /home/luke/tmp/simple_robot_controller/simple_robot_controller/install/simple_robot_controller/lib/simple_robot_controller\n'}
[1.621346] (simple_robot_controller) StdoutLine: {'line': b'Installing simple_robot_controller script to /home/luke/tmp/simple_robot_controller/simple_robot_controller/install/simple_robot_controller/lib/simple_robot_controller\n'}
[1.621826] (simple_robot_controller) StdoutLine: {'line': b"writing list of installed files to '/home/luke/tmp/simple_robot_controller/simple_robot_controller/build/simple_robot_controller/install.log'\n"}
[1.661844] (simple_robot_controller) CommandEnded: {'returncode': 0}
[1.706192] (-) TimerEvent: {}
[1.762949] (simple_robot_controller) JobEnded: {'identifier': 'simple_robot_controller', 'rc': 0}
[1.764903] (-) EventReactorShutdown: {}
