[1.655s] DEBUG:colcon:Command line arguments: ['/usr/bin/colcon', 'build']
[1.655s] DEBUG:colcon:Parsed command line arguments: Namespace(log_base=None, log_level=None, verb_name='build', build_base='build', install_base='install', merge_install=False, symlink_install=False, test_result_base=None, continue_on_error=False, executor='parallel', parallel_workers=12, event_handlers=None, ignore_user_meta=False, metas=['./colcon.meta'], base_paths=['.'], packages_ignore=None, packages_ignore_regex=None, paths=None, packages_up_to=None, packages_up_to_regex=None, packages_above=None, packages_above_and_dependencies=None, packages_above_depth=None, packages_select_by_dep=None, packages_skip_by_dep=None, packages_skip_up_to=None, packages_select_build_failed=False, packages_skip_build_finished=False, packages_select_test_failures=False, packages_skip_test_passed=False, packages_select=None, packages_skip=None, packages_select_regex=None, packages_skip_regex=None, packages_start=None, packages_end=None, allow_overriding=[], cmake_args=None, cmake_target=None, cmake_target_skip_unavailable=False, cmake_clean_cache=False, cmake_clean_first=False, cmake_force_configure=False, ament_cmake_args=None, catkin_cmake_args=None, catkin_skip_building_tests=False, verb_parser=<colcon_defaults.argument_parser.defaults.DefaultArgumentsDecorator object at 0x7fd08a9f32b0>, verb_extension=<colcon_core.verb.build.BuildVerb object at 0x7fd08aa0e3b0>, main=<bound method BuildVerb.main of <colcon_core.verb.build.BuildVerb object at 0x7fd08aa0e3b0>>)
[1.727s] Level 1:colcon.colcon_core.package_discovery:discover_packages(colcon_meta) check parameters
[1.727s] Level 1:colcon.colcon_core.package_discovery:discover_packages(recursive) check parameters
[1.727s] Level 1:colcon.colcon_core.package_discovery:discover_packages(ignore) check parameters
[1.728s] Level 1:colcon.colcon_core.package_discovery:discover_packages(path) check parameters
[1.728s] Level 1:colcon.colcon_core.package_discovery:discover_packages(colcon_meta) discover
[1.728s] Level 1:colcon.colcon_core.package_discovery:discover_packages(recursive) discover
[1.728s] INFO:colcon.colcon_core.package_discovery:Crawling recursively for packages in '/home/luke/tmp/simple_robot_controller/simple_robot_controller'
[1.728s] Level 1:colcon.colcon_core.package_identification:_identify(.) by extensions ['ignore', 'ignore_ament_install']
[1.728s] Level 1:colcon.colcon_core.package_identification:_identify(.) by extension 'ignore'
[1.728s] Level 1:colcon.colcon_core.package_identification:_identify(.) by extension 'ignore_ament_install'
[1.728s] Level 1:colcon.colcon_core.package_identification:_identify(.) by extensions ['colcon_pkg']
[1.728s] Level 1:colcon.colcon_core.package_identification:_identify(.) by extension 'colcon_pkg'
[1.728s] Level 1:colcon.colcon_core.package_identification:_identify(.) by extensions ['colcon_meta']
[1.729s] Level 1:colcon.colcon_core.package_identification:_identify(.) by extension 'colcon_meta'
[1.729s] Level 1:colcon.colcon_core.package_identification:_identify(.) by extensions ['ros']
[1.729s] Level 1:colcon.colcon_core.package_identification:_identify(.) by extension 'ros'
[1.748s] DEBUG:colcon.colcon_core.package_identification:Package '.' with type 'ros.ament_python' and name 'simple_robot_controller'
[1.748s] Level 1:colcon.colcon_core.package_discovery:discover_packages(recursive) using defaults
[1.748s] Level 1:colcon.colcon_core.package_discovery:discover_packages(ignore) discover
[1.748s] Level 1:colcon.colcon_core.package_discovery:discover_packages(ignore) using defaults
[1.748s] Level 1:colcon.colcon_core.package_discovery:discover_packages(path) discover
[1.748s] Level 1:colcon.colcon_core.package_discovery:discover_packages(path) using defaults
[1.888s] Level 1:colcon.colcon_core.package_discovery:discover_packages(prefix_path) check parameters
[1.888s] Level 1:colcon.colcon_core.package_discovery:discover_packages(prefix_path) discover
[1.933s] DEBUG:colcon.colcon_installed_package_information.package_discovery:Found 4 installed packages in /home/luke/ros2_ws/install
[1.957s] DEBUG:colcon.colcon_installed_package_information.package_discovery:Found 272 installed packages in /opt/ros/humble
[1.958s] Level 1:colcon.colcon_core.package_discovery:discover_packages(prefix_path) using defaults
[2.125s] Level 5:colcon.colcon_core.verb:set package 'simple_robot_controller' build argument 'cmake_args' from command line to 'None'
[2.126s] Level 5:colcon.colcon_core.verb:set package 'simple_robot_controller' build argument 'cmake_target' from command line to 'None'
[2.126s] Level 5:colcon.colcon_core.verb:set package 'simple_robot_controller' build argument 'cmake_target_skip_unavailable' from command line to 'False'
[2.126s] Level 5:colcon.colcon_core.verb:set package 'simple_robot_controller' build argument 'cmake_clean_cache' from command line to 'False'
[2.126s] Level 5:colcon.colcon_core.verb:set package 'simple_robot_controller' build argument 'cmake_clean_first' from command line to 'False'
[2.126s] Level 5:colcon.colcon_core.verb:set package 'simple_robot_controller' build argument 'cmake_force_configure' from command line to 'False'
[2.126s] Level 5:colcon.colcon_core.verb:set package 'simple_robot_controller' build argument 'ament_cmake_args' from command line to 'None'
[2.126s] Level 5:colcon.colcon_core.verb:set package 'simple_robot_controller' build argument 'catkin_cmake_args' from command line to 'None'
[2.126s] Level 5:colcon.colcon_core.verb:set package 'simple_robot_controller' build argument 'catkin_skip_building_tests' from command line to 'False'
[2.126s] DEBUG:colcon.colcon_core.verb:Building package 'simple_robot_controller' with the following arguments: {'ament_cmake_args': None, 'build_base': '/home/luke/tmp/simple_robot_controller/simple_robot_controller/build/simple_robot_controller', 'catkin_cmake_args': None, 'catkin_skip_building_tests': False, 'cmake_args': None, 'cmake_clean_cache': False, 'cmake_clean_first': False, 'cmake_force_configure': False, 'cmake_target': None, 'cmake_target_skip_unavailable': False, 'install_base': '/home/luke/tmp/simple_robot_controller/simple_robot_controller/install/simple_robot_controller', 'merge_install': False, 'path': '/home/luke/tmp/simple_robot_controller/simple_robot_controller', 'symlink_install': False, 'test_result_base': None}
[2.148s] INFO:colcon.colcon_core.executor:Executing jobs using 'parallel' executor
[2.173s] DEBUG:colcon.colcon_parallel_executor.executor.parallel:run_until_complete
[2.174s] INFO:colcon.colcon_ros.task.ament_python.build:Building ROS package in '/home/luke/tmp/simple_robot_controller/simple_robot_controller' with build type 'ament_python'
[2.174s] Level 1:colcon.colcon_core.shell:create_environment_hook('simple_robot_controller', 'ament_prefix_path')
[2.201s] INFO:colcon.colcon_core.plugin_system:Skipping extension 'colcon_core.shell.bat': Not used on non-Windows systems
[2.202s] INFO:colcon.colcon_core.shell:Creating environment hook '/home/luke/tmp/simple_robot_controller/simple_robot_controller/install/simple_robot_controller/share/simple_robot_controller/hook/ament_prefix_path.ps1'
[2.204s] INFO:colcon.colcon_core.shell:Creating environment descriptor '/home/luke/tmp/simple_robot_controller/simple_robot_controller/install/simple_robot_controller/share/simple_robot_controller/hook/ament_prefix_path.dsv'
[2.205s] INFO:colcon.colcon_core.shell:Creating environment hook '/home/luke/tmp/simple_robot_controller/simple_robot_controller/install/simple_robot_controller/share/simple_robot_controller/hook/ament_prefix_path.sh'
[2.231s] INFO:colcon.colcon_core.shell:Skip shell extension 'powershell' for command environment: Not usable outside of PowerShell
[2.231s] DEBUG:colcon.colcon_core.shell:Skip shell extension 'dsv' for command environment
[2.744s] INFO:colcon.colcon_core.task.python.build:Building Python package in '/home/luke/tmp/simple_robot_controller/simple_robot_controller'
[2.764s] INFO:colcon.colcon_core.shell:Skip shell extension 'powershell' for command environment: Not usable outside of PowerShell
[2.764s] DEBUG:colcon.colcon_core.shell:Skip shell extension 'dsv' for command environment
[3.378s] DEBUG:colcon.colcon_core.event_handler.log_command:Invoking command in '/home/luke/tmp/simple_robot_controller/simple_robot_controller': PYTHONPATH=/home/luke/tmp/simple_robot_controller/simple_robot_controller/build/simple_robot_controller/prefix_override:/home/luke/tmp/simple_robot_controller/simple_robot_controller/install/simple_robot_controller/lib/python3.10/site-packages:${PYTHONPATH} /usr/bin/python3 setup.py egg_info --egg-base build/simple_robot_controller build --build-base /home/luke/tmp/simple_robot_controller/simple_robot_controller/build/simple_robot_controller/build install --record /home/luke/tmp/simple_robot_controller/simple_robot_controller/build/simple_robot_controller/install.log --single-version-externally-managed
[3.838s] DEBUG:colcon.colcon_core.event_handler.log_command:Invoked command in '/home/luke/tmp/simple_robot_controller/simple_robot_controller' returned '0': PYTHONPATH=/home/luke/tmp/simple_robot_controller/simple_robot_controller/build/simple_robot_controller/prefix_override:/home/luke/tmp/simple_robot_controller/simple_robot_controller/install/simple_robot_controller/lib/python3.10/site-packages:${PYTHONPATH} /usr/bin/python3 setup.py egg_info --egg-base build/simple_robot_controller build --build-base /home/luke/tmp/simple_robot_controller/simple_robot_controller/build/simple_robot_controller/build install --record /home/luke/tmp/simple_robot_controller/simple_robot_controller/build/simple_robot_controller/install.log --single-version-externally-managed
[3.868s] Level 1:colcon.colcon_core.environment:checking '/home/luke/tmp/simple_robot_controller/simple_robot_controller/install/simple_robot_controller' for CMake module files
[3.869s] Level 1:colcon.colcon_core.environment:checking '/home/luke/tmp/simple_robot_controller/simple_robot_controller/install/simple_robot_controller' for CMake config files
[3.871s] Level 1:colcon.colcon_core.environment:checking '/home/luke/tmp/simple_robot_controller/simple_robot_controller/install/simple_robot_controller/lib'
[3.871s] Level 1:colcon.colcon_core.environment:checking '/home/luke/tmp/simple_robot_controller/simple_robot_controller/install/simple_robot_controller/bin'
[3.871s] Level 1:colcon.colcon_core.environment:checking '/home/luke/tmp/simple_robot_controller/simple_robot_controller/install/simple_robot_controller/lib/pkgconfig/simple_robot_controller.pc'
[3.872s] Level 1:colcon.colcon_core.environment:checking '/home/luke/tmp/simple_robot_controller/simple_robot_controller/install/simple_robot_controller/lib/python3.10/site-packages'
[3.872s] Level 1:colcon.colcon_core.shell:create_environment_hook('simple_robot_controller', 'pythonpath')
[3.900s] INFO:colcon.colcon_core.shell:Creating environment hook '/home/luke/tmp/simple_robot_controller/simple_robot_controller/install/simple_robot_controller/share/simple_robot_controller/hook/pythonpath.ps1'
[3.901s] INFO:colcon.colcon_core.shell:Creating environment descriptor '/home/luke/tmp/simple_robot_controller/simple_robot_controller/install/simple_robot_controller/share/simple_robot_controller/hook/pythonpath.dsv'
[3.902s] INFO:colcon.colcon_core.shell:Creating environment hook '/home/luke/tmp/simple_robot_controller/simple_robot_controller/install/simple_robot_controller/share/simple_robot_controller/hook/pythonpath.sh'
[3.904s] Level 1:colcon.colcon_core.environment:checking '/home/luke/tmp/simple_robot_controller/simple_robot_controller/install/simple_robot_controller/bin'
[3.904s] Level 1:colcon.colcon_core.environment:create_environment_scripts_only(simple_robot_controller)
[3.929s] INFO:colcon.colcon_core.shell:Creating package script '/home/luke/tmp/simple_robot_controller/simple_robot_controller/install/simple_robot_controller/share/simple_robot_controller/package.ps1'
[3.930s] INFO:colcon.colcon_core.shell:Creating package descriptor '/home/luke/tmp/simple_robot_controller/simple_robot_controller/install/simple_robot_controller/share/simple_robot_controller/package.dsv'
[3.932s] INFO:colcon.colcon_core.shell:Creating package script '/home/luke/tmp/simple_robot_controller/simple_robot_controller/install/simple_robot_controller/share/simple_robot_controller/package.sh'
[3.933s] INFO:colcon.colcon_core.shell:Creating package script '/home/luke/tmp/simple_robot_controller/simple_robot_controller/install/simple_robot_controller/share/simple_robot_controller/package.bash'
[3.934s] INFO:colcon.colcon_core.shell:Creating package script '/home/luke/tmp/simple_robot_controller/simple_robot_controller/install/simple_robot_controller/share/simple_robot_controller/package.zsh'
[3.935s] Level 1:colcon.colcon_core.environment:create_file_with_runtime_dependencies(/home/luke/tmp/simple_robot_controller/simple_robot_controller/install/simple_robot_controller/share/colcon-core/packages/simple_robot_controller)
[3.937s] DEBUG:colcon.colcon_parallel_executor.executor.parallel:closing loop
[3.938s] DEBUG:colcon.colcon_parallel_executor.executor.parallel:loop closed
[3.938s] DEBUG:colcon.colcon_parallel_executor.executor.parallel:run_until_complete finished with '0'
[3.938s] DEBUG:colcon.colcon_core.event_reactor:joining thread
[4.046s] INFO:colcon.colcon_core.plugin_system:Skipping extension 'colcon_notification.desktop_notification.notify_send': Could not find 'notify-send'
[4.046s] INFO:colcon.colcon_core.plugin_system:Skipping extension 'colcon_notification.desktop_notification.terminal_notifier': Not used on non-Darwin systems
[4.046s] INFO:colcon.colcon_core.plugin_system:Skipping extension 'colcon_notification.desktop_notification.win32': Not used on non-Windows systems
[4.046s] INFO:colcon.colcon_notification.desktop_notification:Sending desktop notification using 'notify2'
[4.046s] DEBUG:colcon.colcon_notification.desktop_notification.notify2:Failed to initialize notify2: org.freedesktop.DBus.Error.FileNotFound: Failed to connect to socket /run/user/1000/bus: No such file or directory
[4.046s] DEBUG:colcon.colcon_core.event_reactor:joined thread
[4.078s] INFO:colcon.colcon_core.shell:Creating prefix script '/home/luke/tmp/simple_robot_controller/simple_robot_controller/install/local_setup.ps1'
[4.080s] INFO:colcon.colcon_core.shell:Creating prefix util module '/home/luke/tmp/simple_robot_controller/simple_robot_controller/install/_local_setup_util_ps1.py'
[4.083s] INFO:colcon.colcon_core.shell:Creating prefix chain script '/home/luke/tmp/simple_robot_controller/simple_robot_controller/install/setup.ps1'
[4.125s] INFO:colcon.colcon_core.shell:Creating prefix script '/home/luke/tmp/simple_robot_controller/simple_robot_controller/install/local_setup.sh'
[4.126s] INFO:colcon.colcon_core.shell:Creating prefix util module '/home/luke/tmp/simple_robot_controller/simple_robot_controller/install/_local_setup_util_sh.py'
[4.127s] INFO:colcon.colcon_core.shell:Creating prefix chain script '/home/luke/tmp/simple_robot_controller/simple_robot_controller/install/setup.sh'
[4.171s] INFO:colcon.colcon_core.shell:Creating prefix script '/home/luke/tmp/simple_robot_controller/simple_robot_controller/install/local_setup.bash'
[4.172s] INFO:colcon.colcon_core.shell:Creating prefix chain script '/home/luke/tmp/simple_robot_controller/simple_robot_controller/install/setup.bash'
[4.225s] INFO:colcon.colcon_core.shell:Creating prefix script '/home/luke/tmp/simple_robot_controller/simple_robot_controller/install/local_setup.zsh'
[4.226s] INFO:colcon.colcon_core.shell:Creating prefix chain script '/home/luke/tmp/simple_robot_controller/simple_robot_controller/install/setup.zsh'
