running egg_info
creating build/simple_robot_controller/simple_robot_controller.egg-info
writing build/simple_robot_controller/simple_robot_controller.egg-info/PKG-INFO
writing dependency_links to build/simple_robot_controller/simple_robot_controller.egg-info/dependency_links.txt
writing entry points to build/simple_robot_controller/simple_robot_controller.egg-info/entry_points.txt
writing requirements to build/simple_robot_controller/simple_robot_controller.egg-info/requires.txt
writing top-level names to build/simple_robot_controller/simple_robot_controller.egg-info/top_level.txt
writing manifest file 'build/simple_robot_controller/simple_robot_controller.egg-info/SOURCES.txt'
reading manifest file 'build/simple_robot_controller/simple_robot_controller.egg-info/SOURCES.txt'
writing manifest file 'build/simple_robot_controller/simple_robot_controller.egg-info/SOURCES.txt'
running build
running build_py
creating /home/luke/tmp/simple_robot_controller/simple_robot_controller/build/simple_robot_controller/build
creating /home/luke/tmp/simple_robot_controller/simple_robot_controller/build/simple_robot_controller/build/lib
creating /home/luke/tmp/simple_robot_controller/simple_robot_controller/build/simple_robot_controller/build/lib/simple_robot_controller
copying simple_robot_controller/simple_robot_controller.py -> /home/luke/tmp/simple_robot_controller/simple_robot_controller/build/simple_robot_controller/build/lib/simple_robot_controller
copying simple_robot_controller/__init__.py -> /home/luke/tmp/simple_robot_controller/simple_robot_controller/build/simple_robot_controller/build/lib/simple_robot_controller
copying simple_robot_controller/pidtune.py -> /home/luke/tmp/simple_robot_controller/simple_robot_controller/build/simple_robot_controller/build/lib/simple_robot_controller
running install
/usr/lib/python3/dist-packages/setuptools/command/install.py:34: SetuptoolsDeprecationWarning: setup.py install is deprecated. Use build and pip and other standards-based tools.
  warnings.warn(
running install_lib
creating /home/luke/tmp/simple_robot_controller/simple_robot_controller/install/simple_robot_controller/lib/python3.10/site-packages/simple_robot_controller
copying /home/luke/tmp/simple_robot_controller/simple_robot_controller/build/simple_robot_controller/build/lib/simple_robot_controller/simple_robot_controller.py -> /home/luke/tmp/simple_robot_controller/simple_robot_controller/install/simple_robot_controller/lib/python3.10/site-packages/simple_robot_controller
copying /home/luke/tmp/simple_robot_controller/simple_robot_controller/build/simple_robot_controller/build/lib/simple_robot_controller/__init__.py -> /home/luke/tmp/simple_robot_controller/simple_robot_controller/install/simple_robot_controller/lib/python3.10/site-packages/simple_robot_controller
copying /home/luke/tmp/simple_robot_controller/simple_robot_controller/build/simple_robot_controller/build/lib/simple_robot_controller/pidtune.py -> /home/luke/tmp/simple_robot_controller/simple_robot_controller/install/simple_robot_controller/lib/python3.10/site-packages/simple_robot_controller
byte-compiling /home/luke/tmp/simple_robot_controller/simple_robot_controller/install/simple_robot_controller/lib/python3.10/site-packages/simple_robot_controller/simple_robot_controller.py to simple_robot_controller.cpython-310.pyc
byte-compiling /home/luke/tmp/simple_robot_controller/simple_robot_controller/install/simple_robot_controller/lib/python3.10/site-packages/simple_robot_controller/__init__.py to __init__.cpython-310.pyc
byte-compiling /home/luke/tmp/simple_robot_controller/simple_robot_controller/install/simple_robot_controller/lib/python3.10/site-packages/simple_robot_controller/pidtune.py to pidtune.cpython-310.pyc
running install_data
creating /home/luke/tmp/simple_robot_controller/simple_robot_controller/install/simple_robot_controller/share/ament_index
creating /home/luke/tmp/simple_robot_controller/simple_robot_controller/install/simple_robot_controller/share/ament_index/resource_index
creating /home/luke/tmp/simple_robot_controller/simple_robot_controller/install/simple_robot_controller/share/ament_index/resource_index/packages
copying resource/simple_robot_controller -> /home/luke/tmp/simple_robot_controller/simple_robot_controller/install/simple_robot_controller/share/ament_index/resource_index/packages
copying package.xml -> /home/luke/tmp/simple_robot_controller/simple_robot_controller/install/simple_robot_controller/share/simple_robot_controller
running install_egg_info
Copying build/simple_robot_controller/simple_robot_controller.egg-info to /home/luke/tmp/simple_robot_controller/simple_robot_controller/install/simple_robot_controller/lib/python3.10/site-packages/simple_robot_controller-0.0.0-py3.10.egg-info
running install_scripts
Installing pidtune script to /home/luke/tmp/simple_robot_controller/simple_robot_controller/install/simple_robot_controller/lib/simple_robot_controller
Installing simple_robot_controller script to /home/luke/tmp/simple_robot_controller/simple_robot_controller/install/simple_robot_controller/lib/simple_robot_controller
writing list of installed files to '/home/luke/tmp/simple_robot_controller/simple_robot_controller/build/simple_robot_controller/install.log'
