[1.202s] Invoking command in '/home/luke/tmp/simple_robot_controller/simple_robot_controller': PYTHONPATH=/home/luke/tmp/simple_robot_controller/simple_robot_controller/build/simple_robot_controller/prefix_override:/home/luke/tmp/simple_robot_controller/simple_robot_controller/install/simple_robot_controller/lib/python3.10/site-packages:${PYTHONPATH} /usr/bin/python3 setup.py egg_info --egg-base build/simple_robot_controller build --build-base /home/luke/tmp/simple_robot_controller/simple_robot_controller/build/simple_robot_controller/build install --record /home/luke/tmp/simple_robot_controller/simple_robot_controller/build/simple_robot_controller/install.log --single-version-externally-managed
[1.560s] running egg_info
[1.562s] creating build/simple_robot_controller/simple_robot_controller.egg-info
[1.562s] writing build/simple_robot_controller/simple_robot_controller.egg-info/PKG-INFO
[1.563s] writing dependency_links to build/simple_robot_controller/simple_robot_controller.egg-info/dependency_links.txt
[1.563s] writing entry points to build/simple_robot_controller/simple_robot_controller.egg-info/entry_points.txt
[1.564s] writing requirements to build/simple_robot_controller/simple_robot_controller.egg-info/requires.txt
[1.564s] writing top-level names to build/simple_robot_controller/simple_robot_controller.egg-info/top_level.txt
[1.564s] writing manifest file 'build/simple_robot_controller/simple_robot_controller.egg-info/SOURCES.txt'
[1.568s] reading manifest file 'build/simple_robot_controller/simple_robot_controller.egg-info/SOURCES.txt'
[1.569s] writing manifest file 'build/simple_robot_controller/simple_robot_controller.egg-info/SOURCES.txt'
[1.569s] running build
[1.570s] running build_py
[1.570s] creating /home/luke/tmp/simple_robot_controller/simple_robot_controller/build/simple_robot_controller/build
[1.570s] creating /home/luke/tmp/simple_robot_controller/simple_robot_controller/build/simple_robot_controller/build/lib
[1.570s] creating /home/luke/tmp/simple_robot_controller/simple_robot_controller/build/simple_robot_controller/build/lib/simple_robot_controller
[1.570s] copying simple_robot_controller/simple_robot_controller.py -> /home/luke/tmp/simple_robot_controller/simple_robot_controller/build/simple_robot_controller/build/lib/simple_robot_controller
[1.571s] copying simple_robot_controller/__init__.py -> /home/luke/tmp/simple_robot_controller/simple_robot_controller/build/simple_robot_controller/build/lib/simple_robot_controller
[1.571s] copying simple_robot_controller/pidtune.py -> /home/luke/tmp/simple_robot_controller/simple_robot_controller/build/simple_robot_controller/build/lib/simple_robot_controller
[1.571s] running install
[1.572s] /usr/lib/python3/dist-packages/setuptools/command/install.py:34: SetuptoolsDeprecationWarning: setup.py install is deprecated. Use build and pip and other standards-based tools.
[1.572s]   warnings.warn(
[1.572s] running install_lib
[1.573s] creating /home/luke/tmp/simple_robot_controller/simple_robot_controller/install/simple_robot_controller/lib/python3.10/site-packages/simple_robot_controller
[1.573s] copying /home/luke/tmp/simple_robot_controller/simple_robot_controller/build/simple_robot_controller/build/lib/simple_robot_controller/simple_robot_controller.py -> /home/luke/tmp/simple_robot_controller/simple_robot_controller/install/simple_robot_controller/lib/python3.10/site-packages/simple_robot_controller
[1.574s] copying /home/luke/tmp/simple_robot_controller/simple_robot_controller/build/simple_robot_controller/build/lib/simple_robot_controller/__init__.py -> /home/luke/tmp/simple_robot_controller/simple_robot_controller/install/simple_robot_controller/lib/python3.10/site-packages/simple_robot_controller
[1.574s] copying /home/luke/tmp/simple_robot_controller/simple_robot_controller/build/simple_robot_controller/build/lib/simple_robot_controller/pidtune.py -> /home/luke/tmp/simple_robot_controller/simple_robot_controller/install/simple_robot_controller/lib/python3.10/site-packages/simple_robot_controller
[1.574s] byte-compiling /home/luke/tmp/simple_robot_controller/simple_robot_controller/install/simple_robot_controller/lib/python3.10/site-packages/simple_robot_controller/simple_robot_controller.py to simple_robot_controller.cpython-310.pyc
[1.577s] byte-compiling /home/luke/tmp/simple_robot_controller/simple_robot_controller/install/simple_robot_controller/lib/python3.10/site-packages/simple_robot_controller/__init__.py to __init__.cpython-310.pyc
[1.578s] byte-compiling /home/luke/tmp/simple_robot_controller/simple_robot_controller/install/simple_robot_controller/lib/python3.10/site-packages/simple_robot_controller/pidtune.py to pidtune.cpython-310.pyc
[1.579s] running install_data
[1.580s] creating /home/luke/tmp/simple_robot_controller/simple_robot_controller/install/simple_robot_controller/share/ament_index
[1.581s] creating /home/luke/tmp/simple_robot_controller/simple_robot_controller/install/simple_robot_controller/share/ament_index/resource_index
[1.581s] creating /home/luke/tmp/simple_robot_controller/simple_robot_controller/install/simple_robot_controller/share/ament_index/resource_index/packages
[1.581s] copying resource/simple_robot_controller -> /home/luke/tmp/simple_robot_controller/simple_robot_controller/install/simple_robot_controller/share/ament_index/resource_index/packages
[1.582s] copying package.xml -> /home/luke/tmp/simple_robot_controller/simple_robot_controller/install/simple_robot_controller/share/simple_robot_controller
[1.582s] running install_egg_info
[1.584s] Copying build/simple_robot_controller/simple_robot_controller.egg-info to /home/luke/tmp/simple_robot_controller/simple_robot_controller/install/simple_robot_controller/lib/python3.10/site-packages/simple_robot_controller-0.0.0-py3.10.egg-info
[1.585s] running install_scripts
[1.620s] Installing pidtune script to /home/luke/tmp/simple_robot_controller/simple_robot_controller/install/simple_robot_controller/lib/simple_robot_controller
[1.621s] Installing simple_robot_controller script to /home/luke/tmp/simple_robot_controller/simple_robot_controller/install/simple_robot_controller/lib/simple_robot_controller
[1.621s] writing list of installed files to '/home/luke/tmp/simple_robot_controller/simple_robot_controller/build/simple_robot_controller/install.log'
[1.662s] Invoked command in '/home/luke/tmp/simple_robot_controller/simple_robot_controller' returned '0': PYTHONPATH=/home/luke/tmp/simple_robot_controller/simple_robot_controller/build/simple_robot_controller/prefix_override:/home/luke/tmp/simple_robot_controller/simple_robot_controller/install/simple_robot_controller/lib/python3.10/site-packages:${PYTHONPATH} /usr/bin/python3 setup.py egg_info --egg-base build/simple_robot_controller build --build-base /home/luke/tmp/simple_robot_controller/simple_robot_controller/build/simple_robot_controller/build install --record /home/luke/tmp/simple_robot_controller/simple_robot_controller/build/simple_robot_controller/install.log --single-version-externally-managed
